
> startupcampus-blog@1.0.0 dev
> ~/bin/hugo server -D --bind 0.0.0.0

Watching for changes in /home/idos/sc/startupcampus-blog/{archetypes,assets,content,data,i18n,layouts,package.json,static}
Watching for config changes in /home/idos/sc/startupcampus-blog/hugo.toml
Start building sites … 
hugo v0.120.4-f11bca5fec2ebb3a02727fb2a5cfb08da96fd9df+extended linux/amd64 BuildDate=2023-11-08T11:18:07Z VendorInfo=gohugoio

WARN  found no layout file for "html" for kind "home": You should create a template file which matches Hugo Layouts Lookup Rules for this combination.
WARN  found no layout file for "html" for kind "taxonomy": You should create a template file which matches Hugo Layouts Lookup Rules for this combination.
WARN  found no layout file for "html" for kind "section": You should create a template file which matches Hugo Layouts Lookup Rules for this combination.

                   |  EN   
-------------------+-------
  Pages            |    4  
  Paginator pages  |    0  
  Non-page files   |    0  
  Static files     | 3187  
  Processed images |    0  
  Aliases          |    0  
  Sitemaps         |    1  
  Cleaned          |    0  

Built in 506 ms
Environment: "development"
Serving pages from memory
Running in Fast Render Mode. For full rebuilds on change: hugo server --disableFastRender
Web Server is available at http://localhost:1313/ (bind address 0.0.0.0) 
Press Ctrl+C to stop
Killed
